  Class.cpp
C:\Users\rakdo\source\repos\c++Task2\c++Task2\Class.h(12,7): error C2143: синтаксическая ошибка: отсутствие ";" перед "*"
C:\Users\rakdo\source\repos\c++Task2\c++Task2\Class.h(12,7): error C4430: отсутствует спецификатор типа - предполагается int. Примечание. C++ не поддерживает int по умолчанию
C:\Users\rakdo\source\repos\c++Task2\c++Task2\Class.h(12,17): error C2238: непредвиденные лексемы перед ";"
C:\Users\rakdo\source\repos\c++Task2\c++Task2\Class.h(13,8): error C2143: синтаксическая ошибка: отсутствие ";" перед "*"
C:\Users\rakdo\source\repos\c++Task2\c++Task2\Class.h(13,8): error C4430: отсутствует спецификатор типа - предполагается int. Примечание. C++ не поддерживает int по умолчанию
C:\Users\rakdo\source\repos\c++Task2\c++Task2\Class.h(13,19): error C2238: непредвиденные лексемы перед ";"
C:\Users\rakdo\source\repos\c++Task2\c++Task2\Class.h(14,11): error C2143: синтаксическая ошибка: отсутствие ";" перед "*"
C:\Users\rakdo\source\repos\c++Task2\c++Task2\Class.h(14,11): error C4430: отсутствует спецификатор типа - предполагается int. Примечание. C++ не поддерживает int по умолчанию
C:\Users\rakdo\source\repos\c++Task2\c++Task2\Class.h(14,23): error C2238: непредвиденные лексемы перед ";"
C:\Users\rakdo\source\repos\c++Task2\c++Task2\Class.h(25,7): error C2143: синтаксическая ошибка: отсутствие ";" перед "*"
C:\Users\rakdo\source\repos\c++Task2\c++Task2\Class.h(25,7): error C4430: отсутствует спецификатор типа - предполагается int. Примечание. C++ не поддерживает int по умолчанию
C:\Users\rakdo\source\repos\c++Task2\c++Task2\Class.h(25,21): error C2238: непредвиденные лексемы перед ";"
C:\Users\rakdo\source\repos\c++Task2\c++Task2\Class.h(26,8): error C2143: синтаксическая ошибка: отсутствие ";" перед "*"
C:\Users\rakdo\source\repos\c++Task2\c++Task2\Class.h(26,8): error C4430: отсутствует спецификатор типа - предполагается int. Примечание. C++ не поддерживает int по умолчанию
C:\Users\rakdo\source\repos\c++Task2\c++Task2\Class.h(26,23): error C2238: непредвиденные лексемы перед ";"
C:\Users\rakdo\source\repos\c++Task2\c++Task2\Class.h(27,11): error C2143: синтаксическая ошибка: отсутствие ";" перед "*"
C:\Users\rakdo\source\repos\c++Task2\c++Task2\Class.h(27,11): error C4430: отсутствует спецификатор типа - предполагается int. Примечание. C++ не поддерживает int по умолчанию
C:\Users\rakdo\source\repos\c++Task2\c++Task2\Class.h(27,27): error C2238: непредвиденные лексемы перед ";"
C:\Users\rakdo\source\repos\c++Task2\c++Task2\Class.h(32,21): error C2061: синтаксическая ошибка: идентификатор "Field"
C:\Users\rakdo\source\repos\c++Task2\c++Task2\Class.h(33,29): error C2061: синтаксическая ошибка: идентификатор "Namespace"
C:\Users\rakdo\source\repos\c++Task2\c++Task2\Class.h(35,23): error C2061: синтаксическая ошибка: идентификатор "Method"
C:\Users\rakdo\source\repos\c++Task2\c++Task2\Class.cpp(17,2): error C2065: _namespace: необъявленный идентификатор
C:\Users\rakdo\source\repos\c++Task2\c++Task2\Class.cpp(21,2): error C2065: _fields: необъявленный идентификатор
C:\Users\rakdo\source\repos\c++Task2\c++Task2\Class.cpp(22,2): error C2065: _methods: необъявленный идентификатор
C:\Users\rakdo\source\repos\c++Task2\c++Task2\Class.cpp(32,1): error C4996: 'strncpy': This function or variable may be unsafe. Consider using strncpy_s instead. To disable deprecation, use _CRT_SECURE_NO_WARNINGS. See online help for details.
C:\Program Files (x86)\Windows Kits\10\Include\10.0.18362.0\ucrt\string.h(338): message : см. объявление "strncpy"
C:\Users\rakdo\source\repos\c++Task2\c++Task2\Class.cpp(39,40): error C2511: void Class::SetNamespace(Namespace *): перегруженная функция-член не найдена в "Class"
C:\Users\rakdo\source\repos\c++Task2\c++Task2\Class.h(5): message : см. объявление "Class"
C:\Users\rakdo\source\repos\c++Task2\c++Task2\Class.cpp(40,6): error C2065: _namespace: необъявленный идентификатор
C:\Users\rakdo\source\repos\c++Task2\c++Task2\Class.cpp(41,10): error C2065: _namespace: необъявленный идентификатор
C:\Users\rakdo\source\repos\c++Task2\c++Task2\Class.cpp(41,20): error C2541: delete: нельзя удалять объекты, не являющиеся указателями
C:\Users\rakdo\source\repos\c++Task2\c++Task2\Class.cpp(43,2): error C2065: _namespace: необъявленный идентификатор
C:\Users\rakdo\source\repos\c++Task2\c++Task2\Class.cpp(44,2): error C2065: _namespace: необъявленный идентификатор
C:\Users\rakdo\source\repos\c++Task2\c++Task2\Class.cpp(47,19): error C2039: GetNamespace: не является членом "Class"
C:\Users\rakdo\source\repos\c++Task2\c++Task2\Class.h(5): message : см. объявление "Class"
C:\Users\rakdo\source\repos\c++Task2\c++Task2\Class.cpp(48,9): error C2065: _namespace: необъявленный идентификатор
C:\Users\rakdo\source\repos\c++Task2\c++Task2\Class.cpp(62,32): error C2511: void Class::SetField(Field *): перегруженная функция-член не найдена в "Class"
C:\Users\rakdo\source\repos\c++Task2\c++Task2\Class.h(5): message : см. объявление "Class"
C:\Users\rakdo\source\repos\c++Task2\c++Task2\Class.cpp(63,21): error C2597: недопустимая ссылка на нестатический член "Class::_fieldsCount"
C:\Users\rakdo\source\repos\c++Task2\c++Task2\Class.cpp(63,21): error C3867: "Class::_fieldsCount": нестандартный синтаксис; используйте "&", чтобы создать указатель на член
C:\Users\rakdo\source\repos\c++Task2\c++Task2\Class.cpp(66,2): error C2065: _fields: необъявленный идентификатор
C:\Users\rakdo\source\repos\c++Task2\c++Task2\Class.cpp(66,22): error C2597: недопустимая ссылка на нестатический член "Class::_fieldsCount"
C:\Users\rakdo\source\repos\c++Task2\c++Task2\Class.cpp(66,22): error C3867: "Class::_fieldsCount": нестандартный синтаксис; используйте "&", чтобы создать указатель на член
C:\Users\rakdo\source\repos\c++Task2\c++Task2\Class.cpp(66,22): error C2105: для "++" требуется левостороннее значение
C:\Users\rakdo\source\repos\c++Task2\c++Task2\Class.cpp(69,16): error C2039: GetFields: не является членом "Class"
C:\Users\rakdo\source\repos\c++Task2\c++Task2\Class.h(5): message : см. объявление "Class"
C:\Users\rakdo\source\repos\c++Task2\c++Task2\Class.cpp(70,9): error C2065: _fields: необъявленный идентификатор
C:\Users\rakdo\source\repos\c++Task2\c++Task2\Class.cpp(73,34): error C2511: void Class::SetMethod(Method *): перегруженная функция-член не найдена в "Class"
C:\Users\rakdo\source\repos\c++Task2\c++Task2\Class.h(5): message : см. объявление "Class"
C:\Users\rakdo\source\repos\c++Task2\c++Task2\Class.cpp(74,23): error C2597: недопустимая ссылка на нестатический член "Class::_methodsCount"
C:\Users\rakdo\source\repos\c++Task2\c++Task2\Class.cpp(74,23): error C3867: "Class::_methodsCount": нестандартный синтаксис; используйте "&", чтобы создать указатель на член
C:\Users\rakdo\source\repos\c++Task2\c++Task2\Class.cpp(77,2): error C2065: _methods: необъявленный идентификатор
C:\Users\rakdo\source\repos\c++Task2\c++Task2\Class.cpp(77,24): error C2597: недопустимая ссылка на нестатический член "Class::_methodsCount"
C:\Users\rakdo\source\repos\c++Task2\c++Task2\Class.cpp(77,24): error C3867: "Class::_methodsCount": нестандартный синтаксис; используйте "&", чтобы создать указатель на член
C:\Users\rakdo\source\repos\c++Task2\c++Task2\Class.cpp(77,24): error C2105: для "++" требуется левостороннее значение
C:\Users\rakdo\source\repos\c++Task2\c++Task2\Class.cpp(80,17): error C2039: GetMethods: не является членом "Class"
C:\Users\rakdo\source\repos\c++Task2\c++Task2\Class.h(5): message : см. объявление "Class"
C:\Users\rakdo\source\repos\c++Task2\c++Task2\Class.cpp(81,9): error C2065: _methods: необъявленный идентификатор
  Method.cpp
C:\Users\rakdo\source\repos\c++Task2\c++Task2\Method.h(16,7): error C2143: синтаксическая ошибка: отсутствие ";" перед "*"
C:\Users\rakdo\source\repos\c++Task2\c++Task2\Method.h(16,7): error C4430: отсутствует спецификатор типа - предполагается int. Примечание. C++ не поддерживает int по умолчанию
C:\Users\rakdo\source\repos\c++Task2\c++Task2\Method.h(16,15): error C2238: непредвиденные лексемы перед ";"
C:\Users\rakdo\source\repos\c++Task2\c++Task2\Method.h(27,21): error C2061: синтаксическая ошибка: идентификатор "Class"
C:\Users\rakdo\source\repos\c++Task2\c++Task2\Method.h(30,7): error C2143: синтаксическая ошибка: отсутствие ";" перед "*"
C:\Users\rakdo\source\repos\c++Task2\c++Task2\Method.h(30,7): error C4430: отсутствует спецификатор типа - предполагается int. Примечание. C++ не поддерживает int по умолчанию
C:\Users\rakdo\source\repos\c++Task2\c++Task2\Method.h(30,19): error C2238: непредвиденные лексемы перед ";"
C:\Users\rakdo\source\repos\c++Task2\c++Task2\Class.h(12,7): error C2143: синтаксическая ошибка: отсутствие ";" перед "*"
C:\Users\rakdo\source\repos\c++Task2\c++Task2\Class.h(12,7): error C4430: отсутствует спецификатор типа - предполагается int. Примечание. C++ не поддерживает int по умолчанию
C:\Users\rakdo\source\repos\c++Task2\c++Task2\Class.h(12,17): error C2238: непредвиденные лексемы перед ";"
C:\Users\rakdo\source\repos\c++Task2\c++Task2\Class.h(14,11): error C2143: синтаксическая ошибка: отсутствие ";" перед "*"
C:\Users\rakdo\source\repos\c++Task2\c++Task2\Class.h(14,11): error C4430: отсутствует спецификатор типа - предполагается int. Примечание. C++ не поддерживает int по умолчанию
C:\Users\rakdo\source\repos\c++Task2\c++Task2\Class.h(14,23): error C2238: непредвиденные лексемы перед ";"
C:\Users\rakdo\source\repos\c++Task2\c++Task2\Class.h(25,7): error C2143: синтаксическая ошибка: отсутствие ";" перед "*"
C:\Users\rakdo\source\repos\c++Task2\c++Task2\Class.h(25,7): error C4430: отсутствует спецификатор типа - предполагается int. Примечание. C++ не поддерживает int по умолчанию
C:\Users\rakdo\source\repos\c++Task2\c++Task2\Class.h(25,21): error C2238: непредвиденные лексемы перед ";"
C:\Users\rakdo\source\repos\c++Task2\c++Task2\Class.h(27,11): error C2143: синтаксическая ошибка: отсутствие ";" перед "*"
C:\Users\rakdo\source\repos\c++Task2\c++Task2\Class.h(27,11): error C4430: отсутствует спецификатор типа - предполагается int. Примечание. C++ не поддерживает int по умолчанию
C:\Users\rakdo\source\repos\c++Task2\c++Task2\Class.h(27,27): error C2238: непредвиденные лексемы перед ";"
C:\Users\rakdo\source\repos\c++Task2\c++Task2\Class.h(32,21): error C2061: синтаксическая ошибка: идентификатор "Field"
C:\Users\rakdo\source\repos\c++Task2\c++Task2\Class.h(33,29): error C2061: синтаксическая ошибка: идентификатор "Namespace"
C:\Users\rakdo\source\repos\c++Task2\c++Task2\Method.cpp(12,2): error C2065: _class: необъявленный идентификатор
C:\Users\rakdo\source\repos\c++Task2\c++Task2\Method.cpp(24,1): error C4996: 'strncpy': This function or variable may be unsafe. Consider using strncpy_s instead. To disable deprecation, use _CRT_SECURE_NO_WARNINGS. See online help for details.
C:\Program Files (x86)\Windows Kits\10\Include\10.0.18362.0\ucrt\string.h(338): message : см. объявление "strncpy"
C:\Users\rakdo\source\repos\c++Task2\c++Task2\Method.cpp(47,33): error C2511: void Method::SetClass(Class *): перегруженная функция-член не найдена в "Method"
C:\Users\rakdo\source\repos\c++Task2\c++Task2\Method.h(3): message : см. объявление "Method"
C:\Users\rakdo\source\repos\c++Task2\c++Task2\Method.cpp(48,2): error C2065: _class: необъявленный идентификатор
C:\Users\rakdo\source\repos\c++Task2\c++Task2\Method.cpp(51,32): error C2084: функция "Method::Type Method::GetType(void)" уже имеет текст реализации
C:\Users\rakdo\source\repos\c++Task2\c++Task2\Method.cpp(35): message : см. предыдущее определение "GetType"
C:\Users\rakdo\source\repos\c++Task2\c++Task2\Method.cpp(55,33): error C2084: функция "void Method::SetType(Method::Type)" уже имеет текст реализации
C:\Users\rakdo\source\repos\c++Task2\c++Task2\Method.cpp(31): message : см. предыдущее определение "SetType"
C:\Users\rakdo\source\repos\c++Task2\c++Task2\Method.cpp(59,32): error C2084: функция "Method::Type Method::GetType(void)" уже имеет текст реализации
C:\Users\rakdo\source\repos\c++Task2\c++Task2\Method.cpp(51): message : см. предыдущее определение "GetType"
  Namespace.cpp
C:\Users\rakdo\source\repos\c++Task2\c++Task2\Class.h(12,7): error C2143: синтаксическая ошибка: отсутствие ";" перед "*"
C:\Users\rakdo\source\repos\c++Task2\c++Task2\Class.h(12,7): error C4430: отсутствует спецификатор типа - предполагается int. Примечание. C++ не поддерживает int по умолчанию
C:\Users\rakdo\source\repos\c++Task2\c++Task2\Class.h(12,17): error C2238: непредвиденные лексемы перед ";"
C:\Users\rakdo\source\repos\c++Task2\c++Task2\Class.h(13,8): error C2143: синтаксическая ошибка: отсутствие ";" перед "*"
C:\Users\rakdo\source\repos\c++Task2\c++Task2\Class.h(13,8): error C4430: отсутствует спецификатор типа - предполагается int. Примечание. C++ не поддерживает int по умолчанию
C:\Users\rakdo\source\repos\c++Task2\c++Task2\Class.h(13,19): error C2238: непредвиденные лексемы перед ";"
C:\Users\rakdo\source\repos\c++Task2\c++Task2\Class.h(14,11): error C2143: синтаксическая ошибка: отсутствие ";" перед "*"
C:\Users\rakdo\source\repos\c++Task2\c++Task2\Class.h(14,11): error C4430: отсутствует спецификатор типа - предполагается int. Примечание. C++ не поддерживает int по умолчанию
C:\Users\rakdo\source\repos\c++Task2\c++Task2\Class.h(14,23): error C2238: непредвиденные лексемы перед ";"
C:\Users\rakdo\source\repos\c++Task2\c++Task2\Class.h(25,7): error C2143: синтаксическая ошибка: отсутствие ";" перед "*"
C:\Users\rakdo\source\repos\c++Task2\c++Task2\Class.h(25,7): error C4430: отсутствует спецификатор типа - предполагается int. Примечание. C++ не поддерживает int по умолчанию
C:\Users\rakdo\source\repos\c++Task2\c++Task2\Class.h(25,21): error C2238: непредвиденные лексемы перед ";"
C:\Users\rakdo\source\repos\c++Task2\c++Task2\Class.h(26,8): error C2143: синтаксическая ошибка: отсутствие ";" перед "*"
C:\Users\rakdo\source\repos\c++Task2\c++Task2\Class.h(26,8): error C4430: отсутствует спецификатор типа - предполагается int. Примечание. C++ не поддерживает int по умолчанию
C:\Users\rakdo\source\repos\c++Task2\c++Task2\Class.h(26,23): error C2238: непредвиденные лексемы перед ";"
C:\Users\rakdo\source\repos\c++Task2\c++Task2\Class.h(27,11): error C2143: синтаксическая ошибка: отсутствие ";" перед "*"
C:\Users\rakdo\source\repos\c++Task2\c++Task2\Class.h(27,11): error C4430: отсутствует спецификатор типа - предполагается int. Примечание. C++ не поддерживает int по умолчанию
C:\Users\rakdo\source\repos\c++Task2\c++Task2\Class.h(27,27): error C2238: непредвиденные лексемы перед ";"
C:\Users\rakdo\source\repos\c++Task2\c++Task2\Class.h(32,21): error C2061: синтаксическая ошибка: идентификатор "Field"
C:\Users\rakdo\source\repos\c++Task2\c++Task2\Class.h(33,29): error C2061: синтаксическая ошибка: идентификатор "Namespace"
C:\Users\rakdo\source\repos\c++Task2\c++Task2\Class.h(35,23): error C2061: синтаксическая ошибка: идентификатор "Method"
C:\Users\rakdo\source\repos\c++Task2\c++Task2\Namespace.cpp(28,1): error C4996: 'strncpy': This function or variable may be unsafe. Consider using strncpy_s instead. To disable deprecation, use _CRT_SECURE_NO_WARNINGS. See online help for details.
C:\Program Files (x86)\Windows Kits\10\Include\10.0.18362.0\ucrt\string.h(338): message : см. объявление "strncpy"
  Field.cpp
C:\Users\rakdo\source\repos\c++Task2\c++Task2\Field.cpp(16,1): error C4996: 'strncpy': This function or variable may be unsafe. Consider using strncpy_s instead. To disable deprecation, use _CRT_SECURE_NO_WARNINGS. See online help for details.
C:\Program Files (x86)\Windows Kits\10\Include\10.0.18362.0\ucrt\string.h(338): message : см. объявление "strncpy"
  Создание кода...
